<?xml version="1.0" encoding="UTF-8"?>
<!-- Generated by org.testng.reporters.JUnitReportReporter -->
<testsuite skipped="0" hostname="DESKTOP-O34S300" name="com.qa.tests.searchpagetest" tests="1" failures="0" timestamp="04 Aug 2018 17:21:17 GMT" time="0.010" errors="0">
  <testcase name="searchpagestest" time="0.010" classname="com.qa.tests.searchpagetest"/>
</testsuite> <!-- com.qa.tests.searchpagetest -->
