<?xml version="1.0" encoding="UTF-8"?>
<!-- Generated by org.testng.reporters.JUnitReportReporter -->
<testsuite skipped="0" hostname="DESKTOP-O34S300" name="com.qa.tests.loginpagetest" tests="1" failures="0" timestamp="04 Aug 2018 17:21:17 GMT" time="0.002" errors="0">
  <testcase name="test1" time="0.002" classname="com.qa.tests.loginpagetest"/>
</testsuite> <!-- com.qa.tests.loginpagetest -->
